<?xml version="1.0" encoding="UTF-8"?>
<!-- Generated by org.testng.reporters.JUnitReportReporter -->
<testsuite skipped="0" hostname="THBSGGNLPT-158" name="testCases.SpicestyleheaderTest" tests="1" failures="0" timestamp="2021-07-30T16:11:47 IST" time="48.698" errors="0">
  <testcase name="getspicestyleheadervalidation" time="48.698" classname="testCases.SpicestyleheaderTest"/>
  <system-out/>
</testsuite> <!-- testCases.SpicestyleheaderTest -->
